<?xml version="1.0" encoding="UTF-8"?>
<!-- Generated by org.testng.reporters.JUnitXMLReporter -->
<testsuite ignored="0" hostname="DESKTOP-HHT01AC" failures="1" tests="3" name="Test" time="219.659" errors="0" timestamp="2022-02-25T13:14:08 IST">
  <testcase classname="package123.TestNGAmaz2" name="test456" time="84.759"/>
  <testcase classname="package123.TestNGAmaz" name="test456" time="0.005">
    <failure type="java.lang.NullPointerException" message="Cannot invoke &amp;quot;packamaz.ApplicationPageHeader.clickOnAmazon()&amp;quot; because &amp;quot;this.applicationPageHeader&amp;quot; is null">
      <![CDATA[java.lang.NullPointerException: Cannot invoke "packamaz.ApplicationPageHeader.clickOnAmazon()" because "this.applicationPageHeader" is null
at package123.TestNGAmaz.test456(TestNGAmaz.java:73)
at java.base/java.util.ArrayList.forEach(ArrayList.java:1511)
... Removed 27 stack frames]]>
    </failure>
  </testcase> <!-- test456 -->
  <testcase classname="package123.Testing" name="test456" time="0.003"/>
</testsuite> <!-- Test -->
